#
# A fatal error has been detected by the Java Runtime Environment:
#
#  SIGSEGV (0xb) at pc=0x00007fea008b6f71, pid=6311, tid=0x00007fe9fdc21700
#
# JRE version: OpenJDK Runtime Environment (8.0_131-b11) (build 1.8.0_131-8u131-b11-2ubuntu1.16.04.3-b11)
# Java VM: OpenJDK 64-Bit Server VM (25.131-b11 mixed mode linux-amd64 compressed oops)
# Problematic frame:
# V  [libjvm.so+0x626f71]
#
# Failed to write core dump. Core dumps have been disabled. To enable core dumping, try "ulimit -c unlimited" before starting Java again
#
# If you would like to submit a bug report, please visit:
#   http://bugreport.java.com/bugreport/crash.jsp
#

---------------  T H R E A D  ---------------

Current thread (0x00007fe9f8027800):  GCTaskThread [stack: 0x00007fe9fdb21000,0x00007fe9fdc22000] [id=6317]

siginfo: si_signo: 11 (SIGSEGV), si_code: 1 (SEGV_MAPERR), si_addr: 0x0000000000000110

Registers:
RAX=0x00007fea0118b9e0, RBX=0x00007fe9f80c2180, RCX=0x0000000000000003, RDX=0x00007fe9e5240000
RSP=0x00007fe9fdc20bb0, RBP=0x00007fe9fdc20c20, RSI=0x0000000000000108, RDI=0x00000000849d8118
R8 =0x00007fea011b32c0, R9 =0x00000000849d8118, R10=0x0000000000000028, R11=0x0000004000000000
R12=0x00000000e2826188, R13=0x0000000100008bf8, R14=0x00000000e2826168, R15=0x00000000849d8118
RIP=0x00007fea008b6f71, EFLAGS=0x0000000000010202, CSGSFS=0x0000000000000033, ERR=0x0000000000000004
  TRAPNO=0x000000000000000e

Top of Stack: (sp=0x00007fe9fdc20bb0)
0x00007fe9fdc20bb0:   00007fe9fdc20c20 00007fea008b1767
0x00007fe9fdc20bc0:   0000000084a12e28 00007fe9f80c21c0
0x00007fe9fdc20bd0:   00000000e2826130 0000000100008c00
0x00007fe9fdc20be0:   00007fea011b32c0 000000000000000b
0x00007fe9fdc20bf0:   00007fe9f80c2180 00007fea011af5cc
0x00007fe9fdc20c00:   00007fe9f80549d0 0000000000000001
0x00007fe9fdc20c10:   00007fe9f80c2180 00007fe9f80c2180
0x00007fe9fdc20c20:   00007fe9fdc20d20 00007fea00ba5697
0x00007fe9fdc20c30:   00007fe9fdc20c80 00007fea008c2b49
0x00007fe9fdc20c40:   00007fe9f80c2210 00007fea00bb6f85
0x00007fe9fdc20c50:   00000000e2b582e8 00007fe9f80c2190
0x00007fe9fdc20c60:   00007fe9f8028b28 0000000000000000
0x00007fe9fdc20c70:   00007fea011db4ff 00000000e2f9c088
0x00007fe9fdc20c80:   0000000000000100 00000000e2826130
0x00007fe9fdc20c90:   00007fe9fdc20d10 00007fea00bb6f85
0x00007fe9fdc20ca0:   00000000e2f99fe4 0000000000000c00
0x00007fe9fdc20cb0:   0000000000000000 0000000000000000
0x00007fe9fdc20cc0:   00007fe9fdc20d00 00007fe9f8bf3000
0x00007fe9fdc20cd0:   0000000000000001 00007fe9f8028b01
0x00007fe9fdc20ce0:   00007fe9f8028b28 7af331d587c18a00
0x00007fe9fdc20cf0:   000000000000009c 00007fe9f8027f50
0x00007fe9fdc20d00:   00007fe9f80549d0 00007fe9f80c2180
0x00007fe9fdc20d10:   00007fe9f8027f60 00007fe9f8027f10
0x00007fe9fdc20d20:   00007fe9fdc20e00 00007fea00b8a1fb
0x00007fe9fdc20d30:   00000dfd00001021 00007fe9fdc20d50
0x00007fe9fdc20d40:   00000000000003d8 00007fe9f8028338
0x00007fe9fdc20d50:   00007fea010f33c0 0000000000000000
0x00007fe9fdc20d60:   00007fe9f80c2180 00007fe9f8027800
0x00007fe9fdc20d70:   00007fea010f0010 00007fea00b08600
0x00007fe9fdc20d80:   00007fe9fdc20d50 00007fe9f8025600
0x00007fe9fdc20d90:   00007fea010eff98 00007fe9f8027800
0x00007fe9fdc20da0:   00007fe9fdc20d50 00007fea010eff80 

Instructions: (pc=0x00007fea008b6f71)
0x00007fea008b6f51:   8d 35 19 22 47 00 bf 03 00 00 00 e8 bf 07 10 00
0x00007fea008b6f61:   eb b5 e8 78 67 bc ff 31 db e9 d1 fe ff ff 90 55
0x00007fea008b6f71:   8b 4e 08 48 89 f2 48 89 e5 83 f9 00 7e 11 f6 c1
0x00007fea008b6f81:   01 75 0e 89 c8 c1 f8 03 5d c3 0f 1f 44 00 00 75 

Register to memory mapping:

RAX=0x00007fea0118b9e0: <offset 0xefb9e0> in /usr/lib/jvm/java-8-openjdk-amd64/jre/lib/amd64/server/libjvm.so at 0x00007fea00290000
RBX=0x00007fe9f80c2180 is an unknown value
RCX=0x0000000000000003 is an unknown value
RDX=0x00007fe9e5240000 is an unknown value
RSP=0x00007fe9fdc20bb0 is an unknown value
RBP=0x00007fe9fdc20c20 is an unknown value
RSI=0x0000000000000108 is an unknown value
RDI=0x00000000849d8118 is pointing into object: 0x00000000849d8108
java.lang.String 
 - klass: 'java/lang/String'
R8 =0x00007fea011b32c0: <offset 0xf232c0> in /usr/lib/jvm/java-8-openjdk-amd64/jre/lib/amd64/server/libjvm.so at 0x00007fea00290000
R9 =0x00000000849d8118 is pointing into object: 0x00000000849d8108
java.lang.String 
 - klass: 'java/lang/String'
R10=0x0000000000000028 is an unknown value
R11=0x0000004000000000 is an unknown value
R12=0x00000000e2826188 is an oop
[Ljava.lang.Class; 
 - klass: 'java/lang/Class'[]
 - length: 1
R13=0x0000000100008bf8 is pointing into metadata
R14=0x00000000e2826168 is an oop

[error occurred during error reporting (printing register info), id 0xb]

Stack: [0x00007fe9fdb21000,0x00007fe9fdc22000],  sp=0x00007fe9fdc20bb0,  free space=1022k
Native frames: (J=compiled Java code, j=interpreted, Vv=VM code, C=native code)
V  [libjvm.so+0x626f71]
V  [libjvm.so+0x915697]
V  [libjvm.so+0x8fa1fb]
V  [libjvm.so+0x5a7ce2]
V  [libjvm.so+0x8b5a82]


---------------  P R O C E S S  ---------------

Java Threads: ( => current thread )
  0x00007fe9f8c4a000 JavaThread "Tomcat JDBC Pool Cleaner[414493378:1509708447284]" daemon [_thread_blocked, id=6394, stack(0x00007fe9967f8000,0x00007fe9968f9000)]
  0x00007fe9ac003000 JavaThread "RMI TCP Connection(3)-127.0.0.1" daemon [_thread_in_native, id=6393, stack(0x00007fe9968f9000,0x00007fe9969fa000)]
  0x00007fe9f8bf3000 JavaThread "container-0" [_thread_blocked, id=6390, stack(0x00007fe996bfa000,0x00007fe996cfb000)]
  0x00007fe9f8bef000 JavaThread "ContainerBackgroundProcessor[StandardEngine[Tomcat]]" daemon [_thread_blocked, id=6389, stack(0x00007fe996cfb000,0x00007fe996dfc000)]
  0x00007fe98017f800 JavaThread "localhost-startStop-1" daemon [_thread_blocked, id=6386, stack(0x00007fe997bfc000,0x00007fe997cfd000)]
  0x00007fe9f8be6000 JavaThread "Tomcat-startStop-1" daemon [_thread_blocked, id=6385, stack(0x00007fe997cfd000,0x00007fe997dfe000)]
  0x00007fe9ac001000 JavaThread "RMI TCP Connection(4)-127.0.0.1" daemon [_thread_in_native, id=6345, stack(0x00007fe997dfe000,0x00007fe997eff000)]
  0x00007fe99c009000 JavaThread "RMI Scheduler(0)" daemon [_thread_blocked, id=6344, stack(0x00007fe997eff000,0x00007fe998000000)]
  0x00007fe9a0001800 JavaThread "RMI TCP Connection(1)-127.0.0.1" daemon [_thread_in_native, id=6342, stack(0x00007fe9bc2c3000,0x00007fe9bc3c4000)]
  0x00007fe9f8636000 JavaThread "RMI TCP Accept-0" daemon [_thread_in_native, id=6339, stack(0x00007fe9bc4c5000,0x00007fe9bc5c6000)]
  0x00007fe9f8615800 JavaThread "RMI TCP Accept-34603" daemon [_thread_in_native, id=6338, stack(0x00007fe9bc5c6000,0x00007fe9bc6c7000)]
  0x00007fe9f8601000 JavaThread "RMI TCP Accept-0" daemon [_thread_in_native, id=6337, stack(0x00007fe9bc6c7000,0x00007fe9bc7c8000)]
  0x00007fe9f853f000 JavaThread "Service Thread" daemon [_thread_blocked, id=6336, stack(0x00007fe9bcbe5000,0x00007fe9bcce6000)]
  0x00007fe9f8539800 JavaThread "C1 CompilerThread2" daemon [_thread_blocked, id=6335, stack(0x00007fe9bcce6000,0x00007fe9bcde7000)]
  0x00007fe9f8537800 JavaThread "C2 CompilerThread1" daemon [_thread_blocked, id=6334, stack(0x00007fe9e40a0000,0x00007fe9e41a1000)]
  0x00007fe9f8536000 JavaThread "C2 CompilerThread0" daemon [_thread_blocked, id=6333, stack(0x00007fe9e41a1000,0x00007fe9e42a2000)]
  0x00007fe9f8534000 JavaThread "Monitor Ctrl-Break" daemon [_thread_in_native, id=6332, stack(0x00007fe9e42a2000,0x00007fe9e43a3000)]
  0x00007fe9f8179000 JavaThread "Signal Dispatcher" daemon [_thread_blocked, id=6323, stack(0x00007fe9e4629000,0x00007fe9e472a000)]
  0x00007fe9f8151800 JavaThread "Finalizer" daemon [_thread_blocked, id=6322, stack(0x00007fe9e4a38000,0x00007fe9e4b39000)]
  0x00007fe9f814d000 JavaThread "Reference Handler" daemon [_thread_blocked, id=6321, stack(0x00007fe9e4b39000,0x00007fe9e4c3a000)]
  0x00007fe9f8010800 JavaThread "main" [_thread_blocked, id=6314, stack(0x00007fea01edb000,0x00007fea01fdc000)]

Other Threads:
  0x00007fe9f8145000 VMThread [stack: 0x00007fe9e4c3a000,0x00007fe9e4d3b000] [id=6320]
  0x00007fe9f8638000 WatcherThread [stack: 0x00007fe9bc3c4000,0x00007fe9bc4c5000] [id=6340]

=>0x00007fe9f8027800 (exited) GCTaskThread [stack: 0x00007fe9fdb21000,0x00007fe9fdc22000] [id=6317]

VM state:at safepoint (normal execution)

VM Mutex/Monitor currently owned by a thread:  ([mutex/lock_event])
[0x00007fe9f800d180] Threads_lock - owner thread: 0x00007fe9f8145000
[0x00007fe9f800d680] Heap_lock - owner thread: 0x00007fe9f8010800

Heap:
 PSYoungGen      total 202240K, used 14824K [0x00000000d6d80000, 0x00000000e7e00000, 0x0000000100000000)
  eden space 187392K, 0% used [0x00000000d6d80000,0x00000000d6d80000,0x00000000e2480000)
  from space 14848K, 99% used [0x00000000e2480000,0x00000000e32fa230,0x00000000e3300000)
  to   space 17408K, 0% used [0x00000000e6d00000,0x00000000e6d00000,0x00000000e7e00000)
 ParOldGen       total 58880K, used 13195K [0x0000000084800000, 0x0000000088180000, 0x00000000d6d80000)
  object space 58880K, 22% used [0x0000000084800000,0x00000000854e2c78,0x0000000088180000)
 Metaspace       used 34967K, capacity 35350K, committed 35456K, reserved 1081344K
  class space    used 4352K, capacity 4466K, committed 4480K, reserved 1048576K

Card table byte_map: [0x00007fe9fdfb6000,0x00007fe9fe393000] byte_map_base: 0x00007fe9fdb92000

Marking Bits: (ParMarkBitMap*) 0x00007fea011b32c0
 Begin Bits: [0x00007fe9e5240000, 0x00007fe9e7120000)
 End Bits:   [0x00007fe9e7120000, 0x00007fe9e9000000)

Polling page: 0x00007fea02006000

CodeCache: size=245760Kb used=6386Kb max_used=6386Kb free=239373Kb
 bounds [0x00007fe9e9000000, 0x00007fe9e9640000, 0x00007fe9f8000000]
 total_blobs=3418 nmethods=2956 adapters=375
 compilation: enabled

Compilation events (10 events):
Event: 11,477 Thread 0x00007fe9f8539800 2997       1       org.jboss.logging.Logger::join (112 bytes)
Event: 11,480 Thread 0x00007fe9f8539800 nmethod 2997 0x00007fe9e963aa10 code [0x00007fe9e963ac60, 0x00007fe9e963b7d8]
Event: 11,490 Thread 0x00007fe9f8539800 2998       1       org.hibernate.service.internal.ConcurrentServiceBinding$Node::get (72 bytes)
Event: 11,490 Thread 0x00007fe9f8539800 nmethod 2998 0x00007fe9e963c4d0 code [0x00007fe9e963c640, 0x00007fe9e963c818]
Event: 11,513 Thread 0x00007fe9f8539800 2999       1       java.util.zip.ZipFile::access$300 (5 bytes)
Event: 11,513 Thread 0x00007fe9f8539800 nmethod 2999 0x00007fe9e963cd50 code [0x00007fe9e963cea0, 0x00007fe9e963cf90]
Event: 11,515 Thread 0x00007fe9f8539800 3000       1       java.util.Arrays::copyOfRange (11 bytes)
Event: 11,515 Thread 0x00007fe9f8539800 nmethod 3000 0x00007fe9e963d010 code [0x00007fe9e963d180, 0x00007fe9e963d2a8]
Event: 11,529 Thread 0x00007fe9f8539800 3001       1       java.util.Collections$UnmodifiableMap$UnmodifiableEntrySet$UnmodifiableEntry::getKey (10 bytes)
Event: 11,530 Thread 0x00007fe9f8539800 nmethod 3001 0x00007fe9e963d350 code [0x00007fe9e963d4c0, 0x00007fe9e963d608]

GC Heap History (10 events):
Event: 6,874 GC heap after
Heap after GC invocations=6 (full 0):
 PSYoungGen      total 136192K, used 7587K [0x00000000d6d80000, 0x00000000dfd80000, 0x0000000100000000)
  eden space 126464K, 0% used [0x00000000d6d80000,0x00000000d6d80000,0x00000000de900000)
  from space 9728K, 77% used [0x00000000df300000,0x00000000dfa68db0,0x00000000dfc80000)
  to   space 10240K, 0% used [0x00000000de900000,0x00000000de900000,0x00000000df300000)
 ParOldGen       total 84992K, used 6585K [0x0000000084800000, 0x0000000089b00000, 0x00000000d6d80000)
  object space 84992K, 7% used [0x0000000084800000,0x0000000084e6e680,0x0000000089b00000)
 Metaspace       used 20853K, capacity 21154K, committed 21296K, reserved 1069056K
  class space    used 2540K, capacity 2644K, committed 2688K, reserved 1048576K
}
Event: 6,874 GC heap before
{Heap before GC invocations=7 (full 1):
 PSYoungGen      total 136192K, used 7587K [0x00000000d6d80000, 0x00000000dfd80000, 0x0000000100000000)
  eden space 126464K, 0% used [0x00000000d6d80000,0x00000000d6d80000,0x00000000de900000)
  from space 9728K, 77% used [0x00000000df300000,0x00000000dfa68db0,0x00000000dfc80000)
  to   space 10240K, 0% used [0x00000000de900000,0x00000000de900000,0x00000000df300000)
 ParOldGen       total 84992K, used 6585K [0x0000000084800000, 0x0000000089b00000, 0x00000000d6d80000)
  object space 84992K, 7% used [0x0000000084800000,0x0000000084e6e680,0x0000000089b00000)
 Metaspace       used 20853K, capacity 21154K, committed 21296K, reserved 1069056K
  class space    used 2540K, capacity 2644K, committed 2688K, reserved 1048576K
Event: 7,064 GC heap after
Heap after GC invocations=7 (full 1):
 PSYoungGen      total 136192K, used 0K [0x00000000d6d80000, 0x00000000dfd80000, 0x0000000100000000)
  eden space 126464K, 0% used [0x00000000d6d80000,0x00000000d6d80000,0x00000000de900000)
  from space 9728K, 0% used [0x00000000df300000,0x00000000df300000,0x00000000dfc80000)
  to   space 10240K, 0% used [0x00000000de900000,0x00000000de900000,0x00000000df300000)
 ParOldGen       total 58880K, used 9098K [0x0000000084800000, 0x0000000088180000, 0x00000000d6d80000)
  object space 58880K, 15% used [0x0000000084800000,0x00000000850e29d8,0x0000000088180000)
 Metaspace       used 20853K, capacity 21154K, committed 21296K, reserved 1069056K
  class space    used 2540K, capacity 2644K, committed 2688K, reserved 1048576K
}
Event: 9,468 GC heap before
{Heap before GC invocations=8 (full 1):
 PSYoungGen      total 136192K, used 126464K [0x00000000d6d80000, 0x00000000dfd80000, 0x0000000100000000)
  eden space 126464K, 100% used [0x00000000d6d80000,0x00000000de900000,0x00000000de900000)
  from space 9728K, 0% used [0x00000000df300000,0x00000000df300000,0x00000000dfc80000)
  to   space 10240K, 0% used [0x00000000de900000,0x00000000de900000,0x00000000df300000)
 ParOldGen       total 58880K, used 9098K [0x0000000084800000, 0x0000000088180000, 0x00000000d6d80000)
  object space 58880K, 15% used [0x0000000084800000,0x00000000850e29d8,0x0000000088180000)
 Metaspace       used 26391K, capacity 26780K, committed 27008K, reserved 1073152K
  class space    used 3268K, capacity 3395K, committed 3456K, reserved 1048576K
Event: 9,497 GC heap after
Heap after GC invocations=8 (full 1):
 PSYoungGen      total 136704K, used 10237K [0x00000000d6d80000, 0x00000000e3f80000, 0x0000000100000000)
  eden space 126464K, 0% used [0x00000000d6d80000,0x00000000d6d80000,0x00000000de900000)
  from space 10240K, 99% used [0x00000000de900000,0x00000000df2ff6a0,0x00000000df300000)
  to   space 12288K, 0% used [0x00000000e3380000,0x00000000e3380000,0x00000000e3f80000)
 ParOldGen       total 58880K, used 10658K [0x0000000084800000, 0x0000000088180000, 0x00000000d6d80000)
  object space 58880K, 18% used [0x0000000084800000,0x0000000085268820,0x0000000088180000)
 Metaspace       used 26391K, capacity 26780K, committed 27008K, reserved 1073152K
  class space    used 3268K, capacity 3395K, committed 3456K, reserved 1048576K
}
Event: 10,678 GC heap before
{Heap before GC invocations=9 (full 1):
 PSYoungGen      total 136704K, used 136701K [0x00000000d6d80000, 0x00000000e3f80000, 0x0000000100000000)
  eden space 126464K, 100% used [0x00000000d6d80000,0x00000000de900000,0x00000000de900000)
  from space 10240K, 99% used [0x00000000de900000,0x00000000df2ff6a0,0x00000000df300000)
  to   space 12288K, 0% used [0x00000000e3380000,0x00000000e3380000,0x00000000e3f80000)
 ParOldGen       total 58880K, used 10658K [0x0000000084800000, 0x0000000088180000, 0x00000000d6d80000)
  object space 58880K, 18% used [0x0000000084800000,0x0000000085268820,0x0000000088180000)
 Metaspace       used 30187K, capacity 30576K, committed 30720K, reserved 1077248K
  class space    used 3672K, capacity 3793K, committed 3840K, reserved 1048576K
Event: 10,700 GC heap after
Heap after GC invocations=9 (full 1):
 PSYoungGen      total 199680K, used 12262K [0x00000000d6d80000, 0x00000000e4180000, 0x0000000100000000)
  eden space 187392K, 0% used [0x00000000d6d80000,0x00000000d6d80000,0x00000000e2480000)
  from space 12288K, 99% used [0x00000000e3380000,0x00000000e3f799d8,0x00000000e3f80000)
  to   space 14848K, 0% used [0x00000000e2480000,0x00000000e2480000,0x00000000e3300000)
 ParOldGen       total 58880K, used 12038K [0x0000000084800000, 0x0000000088180000, 0x00000000d6d80000)
  object space 58880K, 20% used [0x0000000084800000,0x00000000853c1838,0x0000000088180000)
 Metaspace       used 30187K, capacity 30576K, committed 30720K, reserved 1077248K
  class space    used 3672K, capacity 3793K, committed 3840K, reserved 1048576K
}
Event: 11,546 GC heap before
{Heap before GC invocations=10 (full 1):
 PSYoungGen      total 199680K, used 72581K [0x00000000d6d80000, 0x00000000e4180000, 0x0000000100000000)
  eden space 187392K, 32% used [0x00000000d6d80000,0x00000000da867cb8,0x00000000e2480000)
  from space 12288K, 99% used [0x00000000e3380000,0x00000000e3f799d8,0x00000000e3f80000)
  to   space 14848K, 0% used [0x00000000e2480000,0x00000000e2480000,0x00000000e3300000)
 ParOldGen       total 58880K, used 12038K [0x0000000084800000, 0x0000000088180000, 0x00000000d6d80000)
  object space 58880K, 20% used [0x0000000084800000,0x00000000853c1838,0x0000000088180000)
 Metaspace       used 34967K, capacity 35350K, committed 35456K, reserved 1081344K
  class space    used 4352K, capacity 4466K, committed 4480K, reserved 1048576K
Event: 11,576 GC heap after
Heap after GC invocations=10 (full 1):
 PSYoungGen      total 202240K, used 14824K [0x00000000d6d80000, 0x00000000e7e00000, 0x0000000100000000)
  eden space 187392K, 0% used [0x00000000d6d80000,0x00000000d6d80000,0x00000000e2480000)
  from space 14848K, 99% used [0x00000000e2480000,0x00000000e32fa230,0x00000000e3300000)
  to   space 17408K, 0% used [0x00000000e6d00000,0x00000000e6d00000,0x00000000e7e00000)
 ParOldGen       total 58880K, used 13195K [0x0000000084800000, 0x0000000088180000, 0x00000000d6d80000)
  object space 58880K, 22% used [0x0000000084800000,0x00000000854e2c78,0x0000000088180000)
 Metaspace       used 34967K, capacity 35350K, committed 35456K, reserved 1081344K
  class space    used 4352K, capacity 4466K, committed 4480K, reserved 1048576K
}
Event: 11,576 GC heap before
{Heap before GC invocations=11 (full 2):
 PSYoungGen      total 202240K, used 14824K [0x00000000d6d80000, 0x00000000e7e00000, 0x0000000100000000)
  eden space 187392K, 0% used [0x00000000d6d80000,0x00000000d6d80000,0x00000000e2480000)
  from space 14848K, 99% used [0x00000000e2480000,0x00000000e32fa230,0x00000000e3300000)
  to   space 17408K, 0% used [0x00000000e6d00000,0x00000000e6d00000,0x00000000e7e00000)
 ParOldGen       total 58880K, used 13195K [0x0000000084800000, 0x0000000088180000, 0x00000000d6d80000)
  object space 58880K, 22% used [0x0000000084800000,0x00000000854e2c78,0x0000000088180000)
 Metaspace       used 34967K, capacity 35350K, committed 35456K, reserved 1081344K
  class space    used 4352K, capacity 4466K, committed 4480K, reserved 1048576K

Deoptimization events (0 events):
No events

Internal exceptions (10 events):
Event: 10,634 Thread 0x00007fe9f8010800 Exception <a 'java/lang/ArrayIndexOutOfBoundsException'> (0x00000000de5163d0) thrown at [/build/openjdk-8-pZyJp3/openjdk-8-8u131-b11/src/hotspot/src/share/vm/runtime/sharedRuntime.cpp, line 605]
Event: 10,635 Thread 0x00007fe9f8010800 Exception <a 'java/lang/ClassNotFoundException': org/springframework/beans/factory/BeanClassLoaderAwareCustomizer> (0x00000000de5355e0) thrown at [/build/openjdk-8-pZyJp3/openjdk-8-8u131-b11/src/hotspot/src/share/vm/classfile/systemDictionary.cpp, line 21
Event: 10,635 Thread 0x00007fe9f8010800 Exception <a 'java/lang/ClassNotFoundException': org/springframework/beans/factory/BeanFactoryAwareCustomizer> (0x00000000de551f88) thrown at [/build/openjdk-8-pZyJp3/openjdk-8-8u131-b11/src/hotspot/src/share/vm/classfile/systemDictionary.cpp, line 210]
Event: 10,638 Thread 0x00007fe9f8010800 Exception <a 'java/lang/ClassNotFoundException': org/springframework/beans/factory/BeanNameAwareCustomizer> (0x00000000de56dd18) thrown at [/build/openjdk-8-pZyJp3/openjdk-8-8u131-b11/src/hotspot/src/share/vm/classfile/systemDictionary.cpp, line 210]
Event: 10,638 Thread 0x00007fe9f8010800 Exception <a 'java/lang/ClassNotFoundException': org/springframework/beans/factory/InitializingBeanCustomizer> (0x00000000de58a5e0) thrown at [/build/openjdk-8-pZyJp3/openjdk-8-8u131-b11/src/hotspot/src/share/vm/classfile/systemDictionary.cpp, line 210]
Event: 10,640 Thread 0x00007fe9f8010800 Exception <a 'java/lang/ClassNotFoundException': org/springframework/beans/factory/DisposableBeanCustomizer> (0x00000000de5a5578) thrown at [/build/openjdk-8-pZyJp3/openjdk-8-8u131-b11/src/hotspot/src/share/vm/classfile/systemDictionary.cpp, line 210]
Event: 10,640 Thread 0x00007fe9f8010800 Exception <a 'java/lang/ClassNotFoundException': org/springframework/orm/jpa/EntityManagerFactoryInfoCustomizer> (0x00000000de5c1d40) thrown at [/build/openjdk-8-pZyJp3/openjdk-8-8u131-b11/src/hotspot/src/share/vm/classfile/systemDictionary.cpp, line 210]
Event: 10,640 Thread 0x00007fe9f8010800 Exception <a 'java/lang/ArrayIndexOutOfBoundsException'> (0x00000000de5c5270) thrown at [/build/openjdk-8-pZyJp3/openjdk-8-8u131-b11/src/hotspot/src/share/vm/runtime/sharedRuntime.cpp, line 605]
Event: 10,641 Thread 0x00007fe9f8010800 Exception <a 'java/lang/ClassNotFoundException': org/springframework/dao/support/PersistenceExceptionTranslatorCustomizer> (0x00000000de5eaf68) thrown at [/build/openjdk-8-pZyJp3/openjdk-8-8u131-b11/src/hotspot/src/share/vm/classfile/systemDictionary.cpp,
Event: 10,641 Thread 0x00007fe9f8010800 Exception <a 'java/lang/ClassNotFoundException': java/io/SerializableCustomizer> (0x00000000de5f5588) thrown at [/build/openjdk-8-pZyJp3/openjdk-8-8u131-b11/src/hotspot/src/share/vm/classfile/systemDictionary.cpp, line 210]

Events (10 events):
Event: 11,544 loading class org/hibernate/cache/spi/OptimisticCacheSource done
Event: 11,545 loading class org/hibernate/persister/walking/spi/EntityDefinition
Event: 11,545 loading class org/hibernate/persister/walking/spi/EntityDefinition done
Event: 11,545 loading class org/hibernate/persister/walking/spi/AttributeSource
Event: 11,545 loading class org/hibernate/persister/walking/spi/AttributeSource done
Event: 11,545 loading class org/hibernate/persister/collection/CollectionPersister
Event: 11,545 loading class org/hibernate/persister/collection/CollectionPersister done
Event: 11,545 loading class org/hibernate/persister/walking/spi/CollectionDefinition
Event: 11,545 loading class org/hibernate/persister/walking/spi/CollectionDefinition done
Event: 11,546 Executing VM operation: CollectForMetadataAllocation


Dynamic libraries:
00400000-00401000 r-xp 00000000 08:09 2239210                            /usr/lib/jvm/java-8-openjdk-amd64/jre/bin/java
00600000-00601000 r--p 00000000 08:09 2239210                            /usr/lib/jvm/java-8-openjdk-amd64/jre/bin/java
00601000-00602000 rw-p 00001000 08:09 2239210                            /usr/lib/jvm/java-8-openjdk-amd64/jre/bin/java
0226d000-0228e000 rw-p 00000000 00:00 0                                  [heap]
84800000-88180000 rw-p 00000000 00:00 0 
88180000-d6d80000 ---p 00000000 00:00 0 
d6d80000-e7e00000 rw-p 00000000 00:00 0 
e7e00000-100000000 ---p 00000000 00:00 0 
100000000-100460000 rw-p 00000000 00:00 0 
100460000-140000000 ---p 00000000 00:00 0 
7fe970000000-7fe970021000 rw-p 00000000 00:00 0 
7fe970021000-7fe974000000 ---p 00000000 00:00 0 
7fe974000000-7fe974021000 rw-p 00000000 00:00 0 
7fe974021000-7fe978000000 ---p 00000000 00:00 0 
7fe978000000-7fe978021000 rw-p 00000000 00:00 0 
7fe978021000-7fe97c000000 ---p 00000000 00:00 0 
7fe97c000000-7fe97c021000 rw-p 00000000 00:00 0 
7fe97c021000-7fe980000000 ---p 00000000 00:00 0 
7fe980000000-7fe980195000 rw-p 00000000 00:00 0 
7fe980195000-7fe984000000 ---p 00000000 00:00 0 
7fe984000000-7fe984021000 rw-p 00000000 00:00 0 
7fe984021000-7fe988000000 ---p 00000000 00:00 0 
7fe988000000-7fe988021000 rw-p 00000000 00:00 0 
7fe988021000-7fe98c000000 ---p 00000000 00:00 0 
7fe98c000000-7fe98c042000 rw-p 00000000 00:00 0 
7fe98c042000-7fe990000000 ---p 00000000 00:00 0 
7fe990000000-7fe990021000 rw-p 00000000 00:00 0 
7fe990021000-7fe994000000 ---p 00000000 00:00 0 
7fe9960f7000-7fe996137000 rw-p 00000000 00:00 0 
7fe996137000-7fe9962f7000 ---p 00000000 00:00 0 
7fe9962f7000-7fe9964f7000 rw-p 00000000 00:00 0 
7fe9964f7000-7fe9964fa000 ---p 00000000 00:00 0 
7fe9964fa000-7fe9967f8000 rw-p 00000000 00:00 0 
7fe9967f8000-7fe9967fb000 ---p 00000000 00:00 0 
7fe9967fb000-7fe9968f9000 rw-p 00000000 00:00 0 
7fe9968f9000-7fe9968fc000 ---p 00000000 00:00 0 
7fe9968fc000-7fe996bfa000 rw-p 00000000 00:00 0 
7fe996bfa000-7fe996bfd000 ---p 00000000 00:00 0 
7fe996bfd000-7fe996cfb000 rw-p 00000000 00:00 0 
7fe996cfb000-7fe996cfe000 ---p 00000000 00:00 0 
7fe996cfe000-7fe996ffc000 rw-p 00000000 00:00 0 
7fe996ffc000-7fe9971fc000 rw-p 00000000 00:00 0 
7fe9971fc000-7fe9973fc000 rw-p 00000000 00:00 0 
7fe9973fc000-7fe9975fc000 rw-p 00000000 00:00 0 
7fe9975fc000-7fe9977fc000 rw-p 00000000 00:00 0 
7fe9977fc000-7fe9979fc000 rw-p 00000000 00:00 0 
7fe9979fc000-7fe997bfc000 rw-p 00000000 00:00 0 
7fe997bfc000-7fe997bff000 ---p 00000000 00:00 0 
7fe997bff000-7fe997cfd000 rw-p 00000000 00:00 0 
7fe997cfd000-7fe997d00000 ---p 00000000 00:00 0 
7fe997d00000-7fe997dfe000 rw-p 00000000 00:00 0 
7fe997dfe000-7fe997e01000 ---p 00000000 00:00 0 
7fe997e01000-7fe997eff000 rw-p 00000000 00:00 0 
7fe997eff000-7fe997f02000 ---p 00000000 00:00 0 
7fe997f02000-7fe998000000 rw-p 00000000 00:00 0 
7fe998000000-7fe998021000 rw-p 00000000 00:00 0 
7fe998021000-7fe99c000000 ---p 00000000 00:00 0 
7fe99c000000-7fe99c021000 rw-p 00000000 00:00 0 
7fe99c021000-7fe9a0000000 ---p 00000000 00:00 0 
7fe9a0000000-7fe9a0021000 rw-p 00000000 00:00 0 
7fe9a0021000-7fe9a4000000 ---p 00000000 00:00 0 
7fe9a4000000-7fe9a4021000 rw-p 00000000 00:00 0 
7fe9a4021000-7fe9a8000000 ---p 00000000 00:00 0 
7fe9a8000000-7fe9a8021000 rw-p 00000000 00:00 0 
7fe9a8021000-7fe9ac000000 ---p 00000000 00:00 0 
7fe9ac000000-7fe9ac021000 rw-p 00000000 00:00 0 
7fe9ac021000-7fe9b0000000 ---p 00000000 00:00 0 
7fe9b0000000-7fe9b0021000 rw-p 00000000 00:00 0 
7fe9b0021000-7fe9b4000000 ---p 00000000 00:00 0 
7fe9b4000000-7fe9b473b000 rw-p 00000000 00:00 0 
7fe9b473b000-7fe9b8000000 ---p 00000000 00:00 0 
7fe9b8000000-7fe9b805e000 rw-p 00000000 00:00 0 
7fe9b805e000-7fe9bc000000 ---p 00000000 00:00 0 
7fe9bc0c3000-7fe9bc2c3000 rw-p 00000000 00:00 0 
7fe9bc2c3000-7fe9bc2c6000 ---p 00000000 00:00 0 
7fe9bc2c6000-7fe9bc3c4000 rw-p 00000000 00:00 0 
7fe9bc3c4000-7fe9bc3c5000 ---p 00000000 00:00 0 
7fe9bc3c5000-7fe9bc4c5000 rw-p 00000000 00:00 0 
7fe9bc4c5000-7fe9bc4c8000 ---p 00000000 00:00 0 
7fe9bc4c8000-7fe9bc5c6000 rw-p 00000000 00:00 0 
7fe9bc5c6000-7fe9bc5c9000 ---p 00000000 00:00 0 
7fe9bc5c9000-7fe9bc6c7000 rw-p 00000000 00:00 0 
7fe9bc6c7000-7fe9bc6ca000 ---p 00000000 00:00 0 
7fe9bc6ca000-7fe9bc7c8000 rw-p 00000000 00:00 0 
7fe9bc7c8000-7fe9bc7d9000 r-xp 00000000 08:09 2100789                    /usr/lib/jvm/java-8-openjdk-amd64/jre/lib/amd64/libnio.so
7fe9bc7d9000-7fe9bc9d9000 ---p 00011000 08:09 2100789                    /usr/lib/jvm/java-8-openjdk-amd64/jre/lib/amd64/libnio.so
7fe9bc9d9000-7fe9bc9da000 r--p 00011000 08:09 2100789                    /usr/lib/jvm/java-8-openjdk-amd64/jre/lib/amd64/libnio.so
7fe9bc9da000-7fe9bc9db000 rw-p 00012000 08:09 2100789                    /usr/lib/jvm/java-8-openjdk-amd64/jre/lib/amd64/libnio.so
7fe9bc9db000-7fe9bc9e4000 r-xp 00000000 08:09 2100798                    /usr/lib/jvm/java-8-openjdk-amd64/jre/lib/amd64/libmanagement.so
7fe9bc9e4000-7fe9bcbe3000 ---p 00009000 08:09 2100798                    /usr/lib/jvm/java-8-openjdk-amd64/jre/lib/amd64/libmanagement.so
7fe9bcbe3000-7fe9bcbe4000 r--p 00008000 08:09 2100798                    /usr/lib/jvm/java-8-openjdk-amd64/jre/lib/amd64/libmanagement.so
7fe9bcbe4000-7fe9bcbe5000 rw-p 00009000 08:09 2100798                    /usr/lib/jvm/java-8-openjdk-amd64/jre/lib/amd64/libmanagement.so
7fe9bcbe5000-7fe9bcbe8000 ---p 00000000 00:00 0 
7fe9bcbe8000-7fe9bcce6000 rw-p 00000000 00:00 0 
7fe9bcce6000-7fe9bcce9000 ---p 00000000 00:00 0 
7fe9bcce9000-7fe9bfde8000 rw-p 00000000 00:00 0 
7fe9bfde8000-7fe9bfdff000 r-xp 00000000 08:09 2100804                    /usr/lib/jvm/java-8-openjdk-amd64/jre/lib/amd64/libnet.so
7fe9bfdff000-7fe9bfffe000 ---p 00017000 08:09 2100804                    /usr/lib/jvm/java-8-openjdk-amd64/jre/lib/amd64/libnet.so
7fe9bfffe000-7fe9bffff000 r--p 00016000 08:09 2100804                    /usr/lib/jvm/java-8-openjdk-amd64/jre/lib/amd64/libnet.so
7fe9bffff000-7fe9c0000000 rw-p 00017000 08:09 2100804                    /usr/lib/jvm/java-8-openjdk-amd64/jre/lib/amd64/libnet.so
7fe9c0000000-7fe9c0021000 rw-p 00000000 00:00 0 
7fe9c0021000-7fe9c4000000 ---p 00000000 00:00 0 
7fe9c4000000-7fe9c4021000 rw-p 00000000 00:00 0 
7fe9c4021000-7fe9c8000000 ---p 00000000 00:00 0 
7fe9c8000000-7fe9c8021000 rw-p 00000000 00:00 0 
7fe9c8021000-7fe9cc000000 ---p 00000000 00:00 0 
7fe9cc000000-7fe9cc021000 rw-p 00000000 00:00 0 
7fe9cc021000-7fe9d0000000 ---p 00000000 00:00 0 
7fe9d0000000-7fe9d0021000 rw-p 00000000 00:00 0 
7fe9d0021000-7fe9d4000000 ---p 00000000 00:00 0 
7fe9d4000000-7fe9d4021000 rw-p 00000000 00:00 0 
7fe9d4021000-7fe9d8000000 ---p 00000000 00:00 0 
7fe9d8000000-7fe9d8021000 rw-p 00000000 00:00 0 
7fe9d8021000-7fe9dc000000 ---p 00000000 00:00 0 
7fe9dc000000-7fe9dc021000 rw-p 00000000 00:00 0 
7fe9dc021000-7fe9e0000000 ---p 00000000 00:00 0 
7fe9e0000000-7fe9e0021000 rw-p 00000000 00:00 0 
7fe9e0021000-7fe9e4000000 ---p 00000000 00:00 0 
7fe9e405f000-7fe9e4064000 r--s 002f9000 08:09 2100824                    /usr/lib/jvm/java-8-openjdk-amd64/jre/lib/charsets.jar
7fe9e4064000-7fe9e406b000 r--s 00000000 08:09 2369104                    /usr/lib/x86_64-linux-gnu/gconv/gconv-modules.cache
7fe9e406b000-7fe9e409b000 r--p 00000000 08:09 2758233                    /usr/share/locale-langpack/uk/LC_MESSAGES/libc.mo
7fe9e409b000-7fe9e40a0000 r--s 0009a000 08:09 2100724                    /usr/lib/jvm/java-8-openjdk-amd64/jre/lib/jsse.jar
7fe9e40a0000-7fe9e40a3000 ---p 00000000 00:00 0 
7fe9e40a3000-7fe9e41a1000 rw-p 00000000 00:00 0 
7fe9e41a1000-7fe9e41a4000 ---p 00000000 00:00 0 
7fe9e41a4000-7fe9e42a2000 rw-p 00000000 00:00 0 
7fe9e42a2000-7fe9e42a5000 ---p 00000000 00:00 0 
7fe9e42a5000-7fe9e43a3000 rw-p 00000000 00:00 0 
7fe9e43a3000-7fe9e43a5000 r--s 0001a000 08:09 5917373                    /home/dimon/Завантаження/idea-IU-172.4343.14/lib/idea_rt.jar
7fe9e43a5000-7fe9e43b0000 r--s 0006a000 08:09 2898231                    /home/dimon/.gradle/caches/modules-2/files-2.1/ch.qos.logback/logback-core/1.1.11/88b8df40340eed549fb07e2613879bf6b006704d/logback-core-1.1.11.jar
7fe9e43b0000-7fe9e43b2000 r--s 00003000 08:09 2891039                    /home/dimon/.gradle/caches/modules-2/files-2.1/org.apache.tomcat/tomcat-annotations-api/8.5.23/aaf17df9fe0240e9e9d5375d24d5f177174b73d9/tomcat-annotations-api-8.5.23.jar
7fe9e43b2000-7fe9e43b5000 r--s 00020000 08:09 2898548                    /home/dimon/.gradle/caches/modules-2/files-2.1/org.unbescape/unbescape/1.1.0.RELEASE/ab0db4fe0a6fa89fb8da2a40008a4e63a7f3f5b9/unbescape-1.1.0.RELEASE.jar
7fe9e43b5000-7fe9e43b8000 r--s 00035000 08:09 2898547                    /home/dimon/.gradle/caches/modules-2/files-2.1/ognl/ognl/3.0.8/37e1aebfde7eb7baebc9ad4f85116ef9009c5fc5/ognl-3.0.8.jar
7fe9e43b8000-7fe9e43b9000 r--s 0000b000 08:09 2891038                    /home/dimon/.gradle/caches/modules-2/files-2.1/org.apache.tomcat/tomcat-juli/8.5.23/98e7f0610b7b2fb8303f11be0210e3f5a56a7d55/tomcat-juli-8.5.23.jar
7fe9e43b9000-7fe9e43bb000 r--s 00004000 08:09 2898173                    /home/dimon/.gradle/caches/modules-2/files-2.1/org.slf4j/log4j-over-slf4j/1.7.25/a87bb47468f47ee7aabbd54f93e133d4215769c3/log4j-over-slf4j-1.7.25.jar
7fe9e43bb000-7fe9e43bd000 r--s 00000000 08:09 2898171                    /home/dimon/.gradle/caches/modules-2/files-2.1/org.slf4j/jul-to-slf4j/1.7.25/af5364cd6679bfffb114f0dec8a157aaa283b76/jul-to-slf4j-1.7.25.jar
7fe9e43bd000-7fe9e43c4000 r--s 00045000 08:09 2898167                    /home/dimon/.gradle/caches/modules-2/files-2.1/ch.qos.logback/logback-classic/1.1.11/ccedfbacef4a6515d2983e3f89ed753d5d4fb665/logback-classic-1.1.11.jar
7fe9e43c4000-7fe9e43c9000 r--s 0003c000 08:09 2891037                    /home/dimon/.gradle/caches/modules-2/files-2.1/org.springframework/spring-expression/4.3.12.RELEASE/790f69f6ad7f9da8d4a92c603ad7244c398c8309/spring-expression-4.3.12.RELEASE.jar
7fe9e43c9000-7fe9e43cd000 r--s 00042000 08:09 2891036                    /home/dimon/.gradle/caches/modules-2/files-2.1/com.fasterxml.jackson.core/jackson-core/2.8.10/eb21a035c66ad307e66ec8fce37f5d50fd62d039/jackson-core-2.8.10.jar
7fe9e43cd000-7fe9e43d0000 r--s 0000b000 08:09 2898535                    /home/dimon/.gradle/caches/modules-2/files-2.1/com.fasterxml.jackson.core/jackson-annotations/2.8.0/45b426f7796b741035581a176744d91090e2e6fb/jackson-annotations-2.8.0.jar
7fe9e43d0000-7fe9e43d2000 r--s 0000e000 08:09 2891035                    /home/dimon/.gradle/caches/modules-2/files-2.1/com.fasterxml/classmate/1.3.4/3d5f48f10bbe4eb7bd862f10c0583be2e0053c6/classmate-1.3.4.jar
7fe9e43d2000-7fe9e43d6000 r--s 0000c000 08:09 2898531                    /home/dimon/.gradle/caches/modules-2/files-2.1/javax.validation/validation-api/1.1.0.Final/8613ae82954779d518631e05daa73a6a954817d5/validation-api-1.1.0.Final.jar
7fe9e43d6000-7fe9e43db000 r--s 00038000 08:09 2891034                    /home/dimon/.gradle/caches/modules-2/files-2.1/org.apache.tomcat.embed/tomcat-embed-websocket/8.5.23/52f07abcae10dc7e1764304b0877def175c2c833/tomcat-embed-websocket-8.5.23.jar
7fe9e43db000-7fe9e43df000 r--s 00037000 08:09 2891033                    /home/dimon/.gradle/caches/modules-2/files-2.1/org.apache.tomcat.embed/tomcat-embed-el/8.5.23/98d979cde444dffa6d434c8377d0123b2dfa614c/tomcat-embed-el-8.5.23.jar
7fe9e43df000-7fe9e4408000 r--s 002c7000 08:09 2891032                    /home/dimon/.gradle/caches/modules-2/files-2.1/org.apache.tomcat.embed/tomcat-embed-core/8.5.23/79261793a47f507890ee08f749b9d81774e4f7f0/tomcat-embed-core-8.5.23.jar
7fe9e4408000-7fe9e4454000 r--s 0040e000 08:09 2898545                    /home/dimon/.gradle/caches/modules-2/files-2.1/org.codehaus.groovy/groovy/2.4.12/a43be367110c491787219f1c128b5b5fc54f1e70/groovy-2.4.12.jar
7fe9e4454000-7fe9e4461000 r--s 000b7000 08:09 2898540                    /home/dimon/.gradle/caches/modules-2/files-2.1/org.thymeleaf/thymeleaf/2.1.5.RELEASE/513bffa3daaac277460c1a0a2dccb228fa40569e/thymeleaf-2.1.5.RELEASE.jar
7fe9e4461000-7fe9e4463000 r--s 00003000 08:09 2898169                    /home/dimon/.gradle/caches/modules-2/files-2.1/org.slf4j/jcl-over-slf4j/1.7.25/f8c32b13ff142a513eeb5b6330b1588dcb2c0461/jcl-over-slf4j-1.7.25.jar
7fe9e4463000-7fe9e4465000 r--s 00009000 08:09 2898318                    /home/dimon/.gradle/caches/modules-2/files-2.1/org.slf4j/slf4j-api/1.7.25/da76ca59f6a57ee3102f8f9bd9cee742973efa8a/slf4j-api-1.7.25.jar
7fe9e4465000-7fe9e4473000 r--s 000ad000 08:09 2891031                    /home/dimon/.gradle/caches/modules-2/files-2.1/org.springframework/spring-beans/4.3.12.RELEASE/547dd432d47d0f01d9ccbedc4b705f9f7c1240a/spring-beans-4.3.12.RELEASE.jar
7fe9e4473000-7fe9e447b000 r--s 0003a000 08:09 2891030                    /home/dimon/.gradle/caches/modules-2/files-2.1/org.springframework/spring-tx/4.3.12.RELEASE/7147b6839b2bf9db3621b79c73b4dddbe69572b6/spring-tx-4.3.12.RELEASE.jar
7fe9e447b000-7fe9e4494000 r--s 000fe000 08:09 2891029                    /home/dimon/.gradle/caches/modules-2/files-2.1/org.springframework/spring-context/4.3.12.RELEASE/5e6d26f36636f36b7efec1d6a0c5991284fbd95b/spring-context-4.3.12.RELEASE.jar
7fe9e4494000-7fe9e449e000 r--s 0006b000 08:09 2891028                    /home/dimon/.gradle/caches/modules-2/files-2.1/org.springframework/spring-orm/4.3.12.RELEASE/47bbe35a92944aeedf06a388098581272f8db9bd/spring-orm-4.3.12.RELEASE.jar
7fe9e449e000-7fe9e44b1000 r--s 000ad000 08:09 2891027                    /home/dimon/.gradle/caches/modules-2/files-2.1/org.springframework.data/spring-data-commons/1.13.8.RELEASE/2853e3c38e02d42529f6c8b247d7bace40c25642/spring-data-commons-1.13.8.RELEASE.jar
7fe9e44b1000-7fe9e44b4000 r--s 00010000 08:09 2898532                    /home/dimon/.gradle/caches/modules-2/files-2.1/org.hibernate.common/hibernate-commons-annotations/5.0.1.Final/71e1cff3fcb20d3b3af4f3363c3ddb24d33c6879/hibernate-commons-annotations-5.0.1.Final.jar
7fe9e44b4000-7fe9e44b9000 r--s 00048000 08:09 2898544                    /home/dimon/.gradle/caches/modules-2/files-2.1/dom4j/dom4j/1.6.1/5d3ccc056b6f056dbf0dddfdf43894b9065a8f94/dom4j-1.6.1.jar
7fe9e44b9000-7fe9e44bc000 r--s 0002b000 08:09 2898543                    /home/dimon/.gradle/caches/modules-2/files-2.1/org.jboss/jandex/2.0.0.Final/3e899258936f94649c777193e1be846387ed54b3/jandex-2.0.0.Final.jar
7fe9e44bc000-7fe9e44c1000 r--s 00068000 08:09 2898542                    /home/dimon/.gradle/caches/modules-2/files-2.1/antlr/antlr/2.7.7/83cd2cd674a217ade95a4bb83a8a14f351f48bd0/antlr-2.7.7.jar
7fe9e44c1000-7fe9e44cb000 r--s 000aa000 08:09 2898541                    /home/dimon/.gradle/caches/modules-2/files-2.1/org.javassist/javassist/3.21.0-GA/598244f595db5c5fb713731eddbb1c91a58d959b/javassist-3.21.0-GA.jar
7fe9e44cb000-7fe9e44d0000 r--s 00017000 08:09 2898539                    /home/dimon/.gradle/caches/modules-2/files-2.1/org.hibernate.javax.persistence/hibernate-jpa-2.1-api/1.0.0.Final/5e731d961297e5a07290bfaf3db1fbc8bbbf405a/hibernate-jpa-2.1-api-1.0.0.Final.jar
7fe9e44d0000-7fe9e44d3000 r--s 0000e000 08:09 2898533                    /home/dimon/.gradle/caches/modules-2/files-2.1/org.jboss.logging/jboss-logging/3.3.1.Final/c46217ab74b532568c0ed31dc599db3048bd1b67/jboss-logging-3.3.1.Final.jar
7fe9e44d3000-7fe9e44dd000 r--s 0005f000 08:09 2891026                    /home/dimon/.gradle/caches/modules-2/files-2.1/org.springframework/spring-jdbc/4.3.12.RELEASE/5c840abbdc1a1dfd0f79c4a4c25eac0c98e6af22/spring-jdbc-4.3.12.RELEASE.jar
7fe9e44dd000-7fe9e44e0000 r--s 00021000 08:09 2891025                    /home/dimon/.gradle/caches/modules-2/files-2.1/org.apache.tomcat/tomcat-jdbc/8.5.23/6036400a8f2d90dd3ae3a4d09e5136c56002887b/tomcat-jdbc-8.5.23.jar
7fe9e44e0000-7fe9e44f8000 r--s 001bf000 08:09 2891024                    /home/dimon/.gradle/caches/modules-2/files-2.1/org.aspectj/aspectjweaver/1.8.11/9807e0e13c8a295f15882721db50fa3d142c44a9/aspectjweaver-1.8.11.jar
7fe9e44f8000-7fe9e4501000 r--s 00054000 08:09 2891023                    /home/dimon/.gradle/caches/modules-2/files-2.1/org.springframework/spring-aop/4.3.12.RELEASE/b3fef085902993c2ef874c45c7bfd79296d5a5a4/spring-aop-4.3.12.RELEASE.jar
7fe9e4501000-7fe9e4507000 r--s 0003d000 08:09 2898165                    /home/dimon/.gradle/caches/modules-2/files-2.1/org.yaml/snakeyaml/1.17/7a27ea250c5130b2922b86dea63cbb1cc10a660c/snakeyaml-1.17.jar
7fe9e4507000-7fe9e451e000 r--s 000fc000 08:09 2890967                    /home/dimon/.gradle/caches/modules-2/files-2.1/org.springframework/spring-core/4.3.12.RELEASE/4cebc69478c6d350dbd5af28e3db7d5694f416e3/spring-core-4.3.12.RELEASE.jar
7fe9e451e000-7fe9e451f000 r--s 00000000 08:09 2891022                    /home/dimon/.gradle/caches/modules-2/files-2.1/org.springframework.boot/spring-boot-starter-logging/1.5.8.RELEASE/ebc00a0e46753d90431fdcc5e3d6b9fd3bf1564a/spring-boot-starter-logging-1.5.8.RELEASE.jar
7fe9e451f000-7fe9e453f000 r--s 000e6000 08:09 2891021                    /home/dimon/.gradle/caches/modules-2/files-2.1/org.springframework.boot/spring-boot-autoconfigure/1.5.8.RELEASE/e4f2efa4c319f4e3613d94fbccfdb5ccda6873e3/spring-boot-autoconfigure-1.5.8.RELEASE.jar
7fe9e453f000-7fe9e454f000 r--s 00095000 08:09 2891020                    /home/dimon/.gradle/caches/modules-2/files-2.1/org.springframework.boot/spring-boot/1.5.8.RELEASE/748ebde51761e12627ad23d064024f342b18f9b4/spring-boot-1.5.8.RELEASE.jar
7fe9e454f000-7fe9e4560000 r--s 000cf000 08:09 2891019                    /home/dimon/.gradle/caches/modules-2/files-2.1/org.springframework/spring-webmvc/4.3.12.RELEASE/986e5dcd4435e780f6be64f8185eaa51523cf851/spring-webmvc-4.3.12.RELEASE.jar
7fe9e4560000-7fe9e4571000 r--s 000b8000 08:09 2891018                    /home/dimon/.gradle/caches/modules-2/files-2.1/org.springframework/spring-web/4.3.12.RELEASE/86c29588cca74d0fc848b194cb13fcdfd12bc990/spring-web-4.3.12.RELEASE.jar
7fe9e4571000-7fe9e4583000 r--s 0011e000 08:09 2891017                    /home/dimon/.gradle/caches/modules-2/files-2.1/com.fasterxml.jackson.core/jackson-databind/2.8.10/f7b83cb2bc4b88d53961e749e1ad32f49ef017b7/jackson-databind-2.8.10.jar
7fe9e4583000-7fe9e4594000 r--s 000a1000 08:09 2898519                    /home/dimon/.gradle/caches/modules-2/files-2.1/org.hibernate/hibernate-validator/5.3.5.Final/622a9bcef2eed6d41b5b8e0662c36212009e375/hibernate-validator-5.3.5.Final.jar
7fe9e4594000-7fe9e4597000 r--s 0001a000 08:09 2898526                    /home/dimon/.gradle/caches/modules-2/files-2.1/nz.net.ultraq.thymeleaf/thymeleaf-layout-dialect/1.4.0/8d7810c069ed1534b9631fb1e85c35973546086/thymeleaf-layout-dialect-1.4.0.jar
7fe9e4597000-7fe9e459a000 r--s 00034000 08:09 2898525                    /home/dimon/.gradle/caches/modules-2/files-2.1/org.thymeleaf/thymeleaf-spring4/2.1.5.RELEASE/74cb9028e99597b5d71a98e919fd531a7fc290b4/thymeleaf-spring4-2.1.5.RELEASE.jar
7fe9e459a000-7fe9e459d000 r--s 0000c000 08:09 2891015                    /home/dimon/.gradle/caches/modules-2/files-2.1/org.springframework/spring-aspects/4.3.12.RELEASE/b0002bfdd0d58f09fc178afc5f2d0553ff117840/spring-aspects-4.3.12.RELEASE.jar
7fe9e459d000-7fe9e45a4000 r--s 00041000 08:09 2891014                    /home/dimon/.gradle/caches/modules-2/files-2.1/org.springframework.data/spring-data-jpa/1.11.8.RELEASE/d674b8407de3d2998c106557fd6a6665de2bc217/spring-data-jpa-1.11.8.RELEASE.jar
7fe9e45a4000-7fe9e45b1000 r--s 00089000 08:09 2898521                    /home/dimon/.gradle/caches/modules-2/files-2.1/org.hibernate/hibernate-entitymanager/5.0.12.Final/302a526f5058290e9cbd719a5caf9f248d344719/hibernate-entitymanager-5.0.12.Final.jar
7fe9e45b1000-7fe9e461a000 r--s 004f3000 08:09 2898522                    /home/dimon/.gradle/caches/modules-2/files-2.1/org.hibernate/hibernate-core/5.0.12.Final/e58bf1c660e6706d8e2cbb53bae110f574366102/hibernate-core-5.0.12.Final.jar
7fe9e461a000-7fe9e4629000 r--s 001ae000 08:09 2898509                    /home/dimon/.gradle/caches/modules-2/files-2.1/com.h2database/h2/1.4.196/dd0034398d593aa3588c6773faac429bbd9aea0e/h2-1.4.196.jar
7fe9e4629000-7fe9e462c000 ---p 00000000 00:00 0 
7fe9e462c000-7fe9e472a000 rw-p 00000000 00:00 0 
7fe9e472a000-7fe9e4a38000 r--p 00000000 08:09 2098068                    /usr/lib/locale/locale-archive
7fe9e4a38000-7fe9e4a3b000 ---p 00000000 00:00 0 
7fe9e4a3b000-7fe9e4b39000 rw-p 00000000 00:00 0 
7fe9e4b39000-7fe9e4b3c000 ---p 00000000 00:00 0 
7fe9e4b3c000-7fe9e4c3a000 rw-p 00000000 00:00 0 
7fe9e4c3a000-7fe9e4c3b000 ---p 00000000 00:00 0 
7fe9e4c3b000-7fe9e9000000 rw-p 00000000 00:00 0 
7fe9e9000000-7fe9e9640000 rwxp 00000000 00:00 0 
7fe9e9640000-7fe9f8000000 ---p 00000000 00:00 0 
7fe9f8000000-7fe9f8fa6000 rw-p 00000000 00:00 0 
7fe9f8fa6000-7fe9fc000000 ---p 00000000 00:00 0 
7fe9fc000000-7fe9fc001000 r--s 00000000 08:09 2891016                    /home/dimon/.gradle/caches/modules-2/files-2.1/org.springframework.boot/spring-boot-starter-tomcat/1.5.8.RELEASE/cf3b7eb7e192a60ab1dd09e4f8bce82710a5feb0/spring-boot-starter-tomcat-1.5.8.RELEASE.jar
7fe9fc001000-7fe9fc003000 r--s 00006000 08:09 2898523                    /home/dimon/.gradle/caches/modules-2/files-2.1/javax.transaction/javax.transaction-api/1.2/d81aff979d603edd90dcd8db2abc1f4ce6479e3e/javax.transaction-api-1.2.jar
7fe9fc003000-7fe9fc004000 r--s 00000000 08:09 2891013                    /home/dimon/.gradle/caches/modules-2/files-2.1/org.springframework.boot/spring-boot-starter-jdbc/1.5.8.RELEASE/fc98631eba9817c920b9ac1c5845214f49637a33/spring-boot-starter-jdbc-1.5.8.RELEASE.jar
7fe9fc004000-7fe9fc005000 r--s 00000000 08:09 2891012                    /home/dimon/.gradle/caches/modules-2/files-2.1/org.springframework.boot/spring-boot-starter-aop/1.5.8.RELEASE/9bc9a40e0718726ed48f6becc509b2d186f1ebcc/spring-boot-starter-aop-1.5.8.RELEASE.jar
7fe9fc005000-7fe9fc006000 r--s 00000000 08:09 2891011                    /home/dimon/.gradle/caches/modules-2/files-2.1/org.springframework.boot/spring-boot-starter/1.5.8.RELEASE/18048efe1f06569022a53cc3fb2fe9c0162935a3/spring-boot-starter-1.5.8.RELEASE.jar
7fe9fc006000-7fe9fc007000 r--s 00000000 08:09 2891010                    /home/dimon/.gradle/caches/modules-2/files-2.1/org.springframework.boot/spring-boot-starter-web/1.5.8.RELEASE/7e0dc79e3b47be4539ad3c033639133ae6b7a17e/spring-boot-starter-web-1.5.8.RELEASE.jar
7fe9fc007000-7fe9fc008000 r--s 00000000 08:09 2891009                    /home/dimon/.gradle/caches/modules-2/files-2.1/org.springframework.boot/spring-boot-starter-thymeleaf/1.5.8.RELEASE/255b749537ca0fa48adeb0c15cf48734b9ffcf5e/spring-boot-starter-thymeleaf-1.5.8.RELEASE.jar
7fe9fc008000-7fe9fc009000 r--s 00000000 08:09 2891008                    /home/dimon/.gradle/caches/modules-2/files-2.1/org.springframework.boot/spring-boot-starter-data-jpa/1.5.8.RELEASE/55bb5e8aea5707f79ee9888ad75261a7b7df4654/spring-boot-starter-data-jpa-1.5.8.RELEASE.jar
7fe9fc009000-7fe9fc01c000 r--s 00346000 08:09 2100820                    /usr/lib/jvm/java-8-openjdk-amd64/jre/lib/resources.jar
7fe9fc01c000-7fe9fc021000 r--s 0009a000 08:09 2100724                    /usr/lib/jvm/java-8-openjdk-amd64/jre/lib/jsse.jar
7fe9fc021000-7fe9fc024000 r--s 00015000 08:09 2100830                    /usr/lib/jvm/java-8-openjdk-amd64/jre/lib/jce.jar
7fe9fc024000-7fe9fc029000 r--s 002f9000 08:09 2100824                    /usr/lib/jvm/java-8-openjdk-amd64/jre/lib/charsets.jar
7fe9fc029000-7fe9fc044000 r--s 001d6000 08:09 2099418                    /usr/lib/jvm/java-8-openjdk-amd64/jre/lib/ext/nashorn.jar
7fe9fc044000-7fe9fc05f000 r--s 00394000 08:09 2099417                    /usr/lib/jvm/java-8-openjdk-amd64/jre/lib/ext/cldrdata.jar
7fe9fc05f000-7fe9fc0f5000 r--s 008d7000 08:09 2507778                    /usr/share/java/openjfx/jre/lib/ext/jfxrt.jar
7fe9fc0f5000-7fe9fcaff000 rw-p 00000000 00:00 0 
7fe9fcaff000-7fe9fcccd000 r--s 03c13000 08:09 2099415                    /usr/lib/jvm/java-8-openjdk-amd64/jre/lib/rt.jar
7fe9fcccd000-7fe9fd91f000 rw-p 00000000 00:00 0 
7fe9fd91f000-7fe9fd920000 ---p 00000000 00:00 0 
7fe9fd920000-7fe9fda20000 rw-p 00000000 00:00 0 
7fe9fda20000-7fe9fda21000 ---p 00000000 00:00 0 
7fe9fda21000-7fe9fdb21000 rw-p 00000000 00:00 0 
7fe9fdb21000-7fe9fdb22000 ---p 00000000 00:00 0 
7fe9fdb22000-7fe9fdc22000 rw-p 00000000 00:00 0 
7fe9fdc22000-7fe9fdc23000 ---p 00000000 00:00 0 
7fe9fdc23000-7fe9fdd40000 rw-p 00000000 00:00 0 
7fe9fdd40000-7fe9fdfb6000 ---p 00000000 00:00 0 
7fe9fdfb6000-7fe9fdfd3000 rw-p 00000000 00:00 0 
7fe9fdfd3000-7fe9fe248000 ---p 00000000 00:00 0 
7fe9fe248000-7fe9fe2d1000 rw-p 00000000 00:00 0 
7fe9fe2d1000-7fe9fe392000 ---p 00000000 00:00 0 
7fe9fe392000-7fe9fe3ac000 rw-p 00000000 00:00 0 
7fe9fe3ac000-7fe9fe753000 ---p 00000000 00:00 0 
7fe9fe753000-7fe9fe75b000 r-xp 00000000 08:09 2100795                    /usr/lib/jvm/java-8-openjdk-amd64/jre/lib/amd64/libzip.so
7fe9fe75b000-7fe9fe95a000 ---p 00008000 08:09 2100795                    /usr/lib/jvm/java-8-openjdk-amd64/jre/lib/amd64/libzip.so
7fe9fe95a000-7fe9fe95b000 r--p 00007000 08:09 2100795                    /usr/lib/jvm/java-8-openjdk-amd64/jre/lib/amd64/libzip.so
7fe9fe95b000-7fe9fe95c000 rw-p 00008000 08:09 2100795                    /usr/lib/jvm/java-8-openjdk-amd64/jre/lib/amd64/libzip.so
7fe9fe95c000-7fe9fe967000 r-xp 00000000 08:09 1704023                    /lib/x86_64-linux-gnu/libnss_files-2.23.so
7fe9fe967000-7fe9feb66000 ---p 0000b000 08:09 1704023                    /lib/x86_64-linux-gnu/libnss_files-2.23.so
7fe9feb66000-7fe9feb67000 r--p 0000a000 08:09 1704023                    /lib/x86_64-linux-gnu/libnss_files-2.23.so
7fe9feb67000-7fe9feb68000 rw-p 0000b000 08:09 1704023                    /lib/x86_64-linux-gnu/libnss_files-2.23.so
7fe9feb68000-7fe9feb6e000 rw-p 00000000 00:00 0 
7fe9feb6e000-7fe9feb79000 r-xp 00000000 08:09 1704026                    /lib/x86_64-linux-gnu/libnss_nis-2.23.so
7fe9feb79000-7fe9fed78000 ---p 0000b000 08:09 1704026                    /lib/x86_64-linux-gnu/libnss_nis-2.23.so
7fe9fed78000-7fe9fed79000 r--p 0000a000 08:09 1704026                    /lib/x86_64-linux-gnu/libnss_nis-2.23.so
7fe9fed79000-7fe9fed7a000 rw-p 0000b000 08:09 1704026                    /lib/x86_64-linux-gnu/libnss_nis-2.23.so
7fe9fed7a000-7fe9fed90000 r-xp 00000000 08:09 1704019                    /lib/x86_64-linux-gnu/libnsl-2.23.so
7fe9fed90000-7fe9fef8f000 ---p 00016000 08:09 1704019                    /lib/x86_64-linux-gnu/libnsl-2.23.so
7fe9fef8f000-7fe9fef90000 r--p 00015000 08:09 1704019                    /lib/x86_64-linux-gnu/libnsl-2.23.so
7fe9fef90000-7fe9fef91000 rw-p 00016000 08:09 1704019                    /lib/x86_64-linux-gnu/libnsl-2.23.so
7fe9fef91000-7fe9fef93000 rw-p 00000000 00:00 0 
7fe9fef93000-7fe9fef9b000 r-xp 00000000 08:09 1704032                    /lib/x86_64-linux-gnu/libnss_compat-2.23.so
7fe9fef9b000-7fe9ff19a000 ---p 00008000 08:09 1704032                    /lib/x86_64-linux-gnu/libnss_compat-2.23.so
7fe9ff19a000-7fe9ff19b000 r--p 00007000 08:09 1704032                    /lib/x86_64-linux-gnu/libnss_compat-2.23.so
7fe9ff19b000-7fe9ff19c000 rw-p 00008000 08:09 1704032                    /lib/x86_64-linux-gnu/libnss_compat-2.23.so
7fe9ff19c000-7fe9ff1a6000 r-xp 00000000 08:09 2100787                    /usr/lib/jvm/java-8-openjdk-amd64/jre/lib/amd64/libinstrument.so
7fe9ff1a6000-7fe9ff3a5000 ---p 0000a000 08:09 2100787                    /usr/lib/jvm/java-8-openjdk-amd64/jre/lib/amd64/libinstrument.so
7fe9ff3a5000-7fe9ff3a6000 r--p 00009000 08:09 2100787                    /usr/lib/jvm/java-8-openjdk-amd64/jre/lib/amd64/libinstrument.so
7fe9ff3a6000-7fe9ff3a7000 rw-p 0000a000 08:09 2100787                    /usr/lib/jvm/java-8-openjdk-amd64/jre/lib/amd64/libinstrument.so
7fe9ff3a7000-7fe9ff3d4000 r-xp 00000000 08:09 2100810                    /usr/lib/jvm/java-8-openjdk-amd64/jre/lib/amd64/libjava.so
7fe9ff3d4000-7fe9ff5d3000 ---p 0002d000 08:09 2100810                    /usr/lib/jvm/java-8-openjdk-amd64/jre/lib/amd64/libjava.so
7fe9ff5d3000-7fe9ff5d4000 r--p 0002c000 08:09 2100810                    /usr/lib/jvm/java-8-openjdk-amd64/jre/lib/amd64/libjava.so
7fe9ff5d4000-7fe9ff5d6000 rw-p 0002d000 08:09 2100810                    /usr/lib/jvm/java-8-openjdk-amd64/jre/lib/amd64/libjava.so
7fe9ff5d6000-7fe9ff5e5000 r-xp 00000000 08:09 2100791                    /usr/lib/jvm/java-8-openjdk-amd64/jre/lib/amd64/libverify.so
7fe9ff5e5000-7fe9ff7e4000 ---p 0000f000 08:09 2100791                    /usr/lib/jvm/java-8-openjdk-amd64/jre/lib/amd64/libverify.so
7fe9ff7e4000-7fe9ff7e6000 r--p 0000e000 08:09 2100791                    /usr/lib/jvm/java-8-openjdk-amd64/jre/lib/amd64/libverify.so
7fe9ff7e6000-7fe9ff7e7000 rw-p 00010000 08:09 2100791                    /usr/lib/jvm/java-8-openjdk-amd64/jre/lib/amd64/libverify.so
7fe9ff7e7000-7fe9ff7ee000 r-xp 00000000 08:09 1704028                    /lib/x86_64-linux-gnu/librt-2.23.so
7fe9ff7ee000-7fe9ff9ed000 ---p 00007000 08:09 1704028                    /lib/x86_64-linux-gnu/librt-2.23.so
7fe9ff9ed000-7fe9ff9ee000 r--p 00006000 08:09 1704028                    /lib/x86_64-linux-gnu/librt-2.23.so
7fe9ff9ee000-7fe9ff9ef000 rw-p 00007000 08:09 1704028                    /lib/x86_64-linux-gnu/librt-2.23.so
7fe9ff9ef000-7fe9ffa05000 r-xp 00000000 08:09 1708581                    /lib/x86_64-linux-gnu/libgcc_s.so.1
7fe9ffa05000-7fe9ffc04000 ---p 00016000 08:09 1708581                    /lib/x86_64-linux-gnu/libgcc_s.so.1
7fe9ffc04000-7fe9ffc05000 rw-p 00015000 08:09 1708581                    /lib/x86_64-linux-gnu/libgcc_s.so.1
7fe9ffc05000-7fe9ffd0d000 r-xp 00000000 08:09 1708560                    /lib/x86_64-linux-gnu/libm-2.23.so
7fe9ffd0d000-7fe9fff0c000 ---p 00108000 08:09 1708560                    /lib/x86_64-linux-gnu/libm-2.23.so
7fe9fff0c000-7fe9fff0d000 r--p 00107000 08:09 1708560                    /lib/x86_64-linux-gnu/libm-2.23.so
7fe9fff0d000-7fe9fff0e000 rw-p 00108000 08:09 1708560                    /lib/x86_64-linux-gnu/libm-2.23.so
7fe9fff0e000-7fea00080000 r-xp 00000000 08:09 2099377                    /usr/lib/x86_64-linux-gnu/libstdc++.so.6.0.21
7fea00080000-7fea00280000 ---p 00172000 08:09 2099377                    /usr/lib/x86_64-linux-gnu/libstdc++.so.6.0.21
7fea00280000-7fea0028a000 r--p 00172000 08:09 2099377                    /usr/lib/x86_64-linux-gnu/libstdc++.so.6.0.21
7fea0028a000-7fea0028c000 rw-p 0017c000 08:09 2099377                    /usr/lib/x86_64-linux-gnu/libstdc++.so.6.0.21
7fea0028c000-7fea00290000 rw-p 00000000 00:00 0 
7fea00290000-7fea00ee4000 r-xp 00000000 08:09 2239186                    /usr/lib/jvm/java-8-openjdk-amd64/jre/lib/amd64/server/libjvm.so
7fea00ee4000-7fea010e4000 ---p 00c54000 08:09 2239186                    /usr/lib/jvm/java-8-openjdk-amd64/jre/lib/amd64/server/libjvm.so
7fea010e4000-7fea01177000 r--p 00c54000 08:09 2239186                    /usr/lib/jvm/java-8-openjdk-amd64/jre/lib/amd64/server/libjvm.so
7fea01177000-7fea011a0000 rw-p 00ce7000 08:09 2239186                    /usr/lib/jvm/java-8-openjdk-amd64/jre/lib/amd64/server/libjvm.so
7fea011a0000-7fea011d0000 rw-p 00000000 00:00 0 
7fea011d0000-7fea011e8000 r-xp 00000000 08:09 1704025                    /lib/x86_64-linux-gnu/libpthread-2.23.so
7fea011e8000-7fea013e7000 ---p 00018000 08:09 1704025                    /lib/x86_64-linux-gnu/libpthread-2.23.so
7fea013e7000-7fea013e8000 r--p 00017000 08:09 1704025                    /lib/x86_64-linux-gnu/libpthread-2.23.so
7fea013e8000-7fea013e9000 rw-p 00018000 08:09 1704025                    /lib/x86_64-linux-gnu/libpthread-2.23.so
7fea013e9000-7fea013ed000 rw-p 00000000 00:00 0 
7fea013ed000-7fea013f0000 r-xp 00000000 08:09 1704031                    /lib/x86_64-linux-gnu/libdl-2.23.so
7fea013f0000-7fea015ef000 ---p 00003000 08:09 1704031                    /lib/x86_64-linux-gnu/libdl-2.23.so
7fea015ef000-7fea015f0000 r--p 00002000 08:09 1704031                    /lib/x86_64-linux-gnu/libdl-2.23.so
7fea015f0000-7fea015f1000 rw-p 00003000 08:09 1704031                    /lib/x86_64-linux-gnu/libdl-2.23.so
7fea015f1000-7fea0160a000 r-xp 00000000 08:09 1703941                    /lib/x86_64-linux-gnu/libz.so.1.2.8
7fea0160a000-7fea01809000 ---p 00019000 08:09 1703941                    /lib/x86_64-linux-gnu/libz.so.1.2.8
7fea01809000-7fea0180a000 r--p 00018000 08:09 1703941                    /lib/x86_64-linux-gnu/libz.so.1.2.8
7fea0180a000-7fea0180b000 rw-p 00019000 08:09 1703941                    /lib/x86_64-linux-gnu/libz.so.1.2.8
7fea0180b000-7fea019cb000 r-xp 00000000 08:09 1708565                    /lib/x86_64-linux-gnu/libc-2.23.so
7fea019cb000-7fea01bcb000 ---p 001c0000 08:09 1708565                    /lib/x86_64-linux-gnu/libc-2.23.so
7fea01bcb000-7fea01bcf000 r--p 001c0000 08:09 1708565                    /lib/x86_64-linux-gnu/libc-2.23.so
7fea01bcf000-7fea01bd1000 rw-p 001c4000 08:09 1708565                    /lib/x86_64-linux-gnu/libc-2.23.so
7fea01bd1000-7fea01bd5000 rw-p 00000000 00:00 0 
7fea01bd5000-7fea01be2000 r-xp 00000000 08:09 2239184                    /usr/lib/jvm/java-8-openjdk-amd64/jre/lib/amd64/jli/libjli.so
7fea01be2000-7fea01de2000 ---p 0000d000 08:09 2239184                    /usr/lib/jvm/java-8-openjdk-amd64/jre/lib/amd64/jli/libjli.so
7fea01de2000-7fea01de3000 r--p 0000d000 08:09 2239184                    /usr/lib/jvm/java-8-openjdk-amd64/jre/lib/amd64/jli/libjli.so
7fea01de3000-7fea01de4000 rw-p 0000e000 08:09 2239184                    /usr/lib/jvm/java-8-openjdk-amd64/jre/lib/amd64/jli/libjli.so
7fea01de4000-7fea01e0a000 r-xp 00000000 08:09 1704020                    /lib/x86_64-linux-gnu/ld-2.23.so
7fea01e0a000-7fea01e0b000 r--s 00000000 08:09 2100829                    /usr/lib/jvm/java-8-openjdk-amd64/jre/lib/management-agent.jar
7fea01e0b000-7fea01edb000 rw-p 00000000 00:00 0 
7fea01edb000-7fea01ede000 ---p 00000000 00:00 0 
7fea01ede000-7fea01fe1000 rw-p 00000000 00:00 0 
7fea01fe1000-7fea01fe3000 r--s 00001000 08:09 2099421                    /usr/lib/jvm/java-8-openjdk-amd64/jre/lib/ext/dnsns.jar
7fea01fe3000-7fea01fe5000 r--s 00008000 08:09 2100698                    /usr/lib/jvm/java-8-openjdk-amd64/jre/lib/ext/sunec.jar
7fea01fe5000-7fea01fe9000 r--s 00037000 08:09 2099420                    /usr/lib/jvm/java-8-openjdk-amd64/jre/lib/ext/sunpkcs11.jar
7fea01fe9000-7fea01fec000 r--s 0000f000 08:09 2100693                    /usr/lib/jvm/java-8-openjdk-amd64/jre/lib/ext/icedtea-sound.jar
7fea01fec000-7fea01fed000 r--s 0000a000 08:09 2099423                    /usr/lib/jvm/java-8-openjdk-amd64/jre/lib/ext/jaccess.jar
7fea01fed000-7fea01ff2000 r--s 0003b000 08:09 2100585                    /usr/lib/jvm/java-8-openjdk-amd64/jre/lib/ext/sunjce_provider.jar
7fea01ff2000-7fea01ff3000 r--s 00010000 08:09 2100723                    /usr/lib/jvm/java-8-openjdk-amd64/jre/lib/ext/zipfs.jar
7fea01ff3000-7fea01ffd000 r--s 00116000 08:09 2099419                    /usr/lib/jvm/java-8-openjdk-amd64/jre/lib/ext/localedata.jar
7fea01ffd000-7fea02005000 rw-s 00000000 08:09 2886732                    /tmp/hsperfdata_dimon/6311
7fea02005000-7fea02006000 rw-p 00000000 00:00 0 
7fea02006000-7fea02007000 ---p 00000000 00:00 0 
7fea02007000-7fea02009000 rw-p 00000000 00:00 0 
7fea02009000-7fea0200a000 r--p 00025000 08:09 1704020                    /lib/x86_64-linux-gnu/ld-2.23.so
7fea0200a000-7fea0200b000 rw-p 00026000 08:09 1704020                    /lib/x86_64-linux-gnu/ld-2.23.so
7fea0200b000-7fea0200c000 rw-p 00000000 00:00 0 
7ffdb570c000-7ffdb5730000 rw-p 00000000 00:00 0                          [stack]
7ffdb5796000-7ffdb5798000 r--p 00000000 00:00 0                          [vvar]
7ffdb5798000-7ffdb579a000 r-xp 00000000 00:00 0                          [vdso]
ffffffffff600000-ffffffffff601000 r-xp 00000000 00:00 0                  [vsyscall]

VM Arguments:
jvm_args: -XX:TieredStopAtLevel=1 -Xverify:none -Dspring.output.ansi.enabled=always -Dcom.sun.management.jmxremote -Dcom.sun.management.jmxremote.port=34603 -Dcom.sun.management.jmxremote.authenticate=false -Dcom.sun.management.jmxremote.ssl=false -Dspring.liveBeansView.mbeanDomain -Dspring.application.admin.enabled=true -javaagent:/home/dimon/Завантаження/idea-IU-172.4343.14/lib/idea_rt.jar=44873:/home/dimon/Завантаження/idea-IU-172.4343.14/bin -Dfile.encoding=UTF-8 
java_command: whz.pti.eva.praktikum_02.grade.GradeCalculatorApp
java_class_path (initial): /usr/lib/jvm/java-1.8.0-openjdk-amd64/jre/lib/charsets.jar:/usr/lib/jvm/java-1.8.0-openjdk-amd64/jre/lib/ext/cldrdata.jar:/usr/lib/jvm/java-1.8.0-openjdk-amd64/jre/lib/ext/dnsns.jar:/usr/lib/jvm/java-1.8.0-openjdk-amd64/jre/lib/ext/icedtea-sound.jar:/usr/lib/jvm/java-1.8.0-openjdk-amd64/jre/lib/ext/jaccess.jar:/usr/lib/jvm/java-1.8.0-openjdk-amd64/jre/lib/ext/localedata.jar:/usr/lib/jvm/java-1.8.0-openjdk-amd64/jre/lib/ext/nashorn.jar:/usr/lib/jvm/java-1.8.0-openjdk-amd64/jre/lib/ext/sunec.jar:/usr/lib/jvm/java-1.8.0-openjdk-amd64/jre/lib/ext/sunjce_provider.jar:/usr/lib/jvm/java-1.8.0-openjdk-amd64/jre/lib/ext/sunpkcs11.jar:/usr/lib/jvm/java-1.8.0-openjdk-amd64/jre/lib/ext/zipfs.jar:/usr/lib/jvm/java-1.8.0-openjdk-amd64/jre/lib/jce.jar:/usr/lib/jvm/java-1.8.0-openjdk-amd64/jre/lib/jsse.jar:/usr/lib/jvm/java-1.8.0-openjdk-amd64/jre/lib/management-agent.jar:/usr/lib/jvm/java-1.8.0-openjdk-amd64/jre/lib/resources.jar:/usr/lib/jvm/java-1.8.0-openjdk-amd64/jre/lib/rt.jar:/home/dimon/WHZ - Studium/eva/folder_2017-10-18__02-14-37__425/selbst/praktika/praktikum_02/out/production/classes:/home/dimon/WHZ - Studium/eva/folder_2017-10-18__02-14-37__425/selbst/praktika/praktikum_02/out/production/resources:/home/dimon/.gradle/caches/modules-2/files-2.1/org.springframework.boot/spring-boot-starter-data-jpa/1.5.8.RELEASE/55bb5e8aea5707f79ee9888ad75261a7b7df4654/spring-boot-starter-data-jpa-1.5.8.RELEASE.jar:/home/dimon/.gradle/caches/modules-2/files-2.1/org.springframework.boot/spring-boot-starter-thymeleaf/1.5.8.RELEASE/255b749537ca0fa48adeb0c15cf48734b9ffcf5e/spring-boot-starter-thymeleaf-1.5.8.RELEASE.jar:/home/dimon/.gradle/caches/modules-2/files-2.1/org.springframework.boot/spring-boot-starter-web/1.5.8.RELEASE/7e0dc79e3b47be4539ad3c033639133ae6b7a17e/spring-boot-starter-web-1.5.8.RELEASE.jar:/home/dimon/.gradle/caches/modules-2/files-2.1/org.springframework.boot/spring-boot-starter/1.5.8.RELEASE/18048efe1f06569022a53cc3fb2fe9c0162935a3/spring-bo
Launcher Type: SUN_STANDARD

Environment Variables:
PATH=/home/dimon/bin:/home/dimon/.local/bin:/usr/local/sbin:/usr/local/bin:/usr/sbin:/usr/bin:/sbin:/bin:/usr/games:/usr/local/games:/snap/bin
LD_LIBRARY_PATH=/home/dimon/Завантаження/idea-IU-172.4343.14/bin:
SHELL=/usr/bin/zsh
DISPLAY=:0

Signal Handlers:
SIGSEGV: [libjvm.so+0xa6ad10], sa_mask[0]=11111111011111111101111111111110, sa_flags=SA_RESTART|SA_SIGINFO
SIGBUS: [libjvm.so+0xa6ad10], sa_mask[0]=11111111011111111101111111111110, sa_flags=SA_RESTART|SA_SIGINFO
SIGFPE: [libjvm.so+0x8b3bc0], sa_mask[0]=11111111011111111101111111111110, sa_flags=SA_RESTART|SA_SIGINFO
SIGPIPE: [libjvm.so+0x8b3bc0], sa_mask[0]=11111111011111111101111111111110, sa_flags=SA_RESTART|SA_SIGINFO
SIGXFSZ: [libjvm.so+0x8b3bc0], sa_mask[0]=11111111011111111101111111111110, sa_flags=SA_RESTART|SA_SIGINFO
SIGILL: [libjvm.so+0x8b3bc0], sa_mask[0]=11111111011111111101111111111110, sa_flags=SA_RESTART|SA_SIGINFO
SIGUSR1: SIG_DFL, sa_mask[0]=00000000000000000000000000000000, sa_flags=none
SIGUSR2: [libjvm.so+0x8b3a70], sa_mask[0]=00100000000000000000000000000000, sa_flags=SA_RESTART|SA_SIGINFO
SIGHUP: [libjvm.so+0x8b3f40], sa_mask[0]=11111111011111111101111111111110, sa_flags=SA_RESTART|SA_SIGINFO
SIGINT: [libjvm.so+0x8b3f40], sa_mask[0]=11111111011111111101111111111110, sa_flags=SA_RESTART|SA_SIGINFO
SIGTERM: [libjvm.so+0x8b3f40], sa_mask[0]=11111111011111111101111111111110, sa_flags=SA_RESTART|SA_SIGINFO
SIGQUIT: [libjvm.so+0x8b3f40], sa_mask[0]=11111111011111111101111111111110, sa_flags=SA_RESTART|SA_SIGINFO


---------------  S Y S T E M  ---------------

OS:DISTRIB_ID=Ubuntu
DISTRIB_RELEASE=16.04
DISTRIB_CODENAME=xenial
DISTRIB_DESCRIPTION="Ubuntu 16.04.3 LTS"

uname:Linux 4.4.0-97-generic #120-Ubuntu SMP Tue Sep 19 17:28:18 UTC 2017 x86_64
libc:glibc 2.23 NPTL 2.23 
rlimit: STACK 8192k, CORE 0k, NPROC 31426, NOFILE 1048576, AS infinity
load average:5,07 3,22 2,28

/proc/meminfo:
MemTotal:        8085804 kB
MemFree:          954060 kB
MemAvailable:    3306684 kB
Buffers:          198928 kB
Cached:          2863536 kB
SwapCached:            0 kB
Active:          4973624 kB
Inactive:        1821664 kB
Active(anon):    3745124 kB
Inactive(anon):   542956 kB
Active(file):    1228500 kB
Inactive(file):  1278708 kB
Unevictable:         416 kB
Mlocked:             416 kB
SwapTotal:       8299516 kB
SwapFree:        8299516 kB
Dirty:              5500 kB
Writeback:             0 kB
AnonPages:       3733276 kB
Mapped:           797124 kB
Shmem:            555260 kB
Slab:             187652 kB
SReclaimable:     134772 kB
SUnreclaim:        52880 kB
KernelStack:       16528 kB
PageTables:        63068 kB
NFS_Unstable:          0 kB
Bounce:                0 kB
WritebackTmp:          0 kB
CommitLimit:    12342416 kB
Committed_AS:   11792224 kB
VmallocTotal:   34359738367 kB
VmallocUsed:           0 kB
VmallocChunk:          0 kB
HardwareCorrupted:     0 kB
AnonHugePages:   1292288 kB
CmaTotal:              0 kB
CmaFree:               0 kB
HugePages_Total:       0
HugePages_Free:        0
HugePages_Rsvd:        0
HugePages_Surp:        0
Hugepagesize:       2048 kB
DirectMap4k:      204736 kB
DirectMap2M:     8095744 kB


CPU:total 4 (initial active 4) (2 cores per cpu, 2 threads per core) family 6 model 42 stepping 7, cmov, cx8, fxsr, mmx, sse, sse2, sse3, ssse3, sse4.1, sse4.2, popcnt, avx, clmul, ht, tsc, tscinvbit

/proc/cpuinfo:
processor	: 0
vendor_id	: GenuineIntel
cpu family	: 6
model		: 42
model name	: Intel(R) Core(TM) i3-2350M CPU @ 2.30GHz
stepping	: 7
microcode	: 0x23
cpu MHz		: 2299.910
cache size	: 3072 KB
physical id	: 0
siblings	: 4
core id		: 0
cpu cores	: 2
apicid		: 0
initial apicid	: 0
fpu		: yes
fpu_exception	: yes
cpuid level	: 13
wp		: yes
flags		: fpu vme de pse tsc msr pae mce cx8 apic sep mtrr pge mca cmov pat pse36 clflush dts acpi mmx fxsr sse sse2 ss ht tm pbe syscall nx rdtscp lm constant_tsc arch_perfmon pebs bts nopl xtopology nonstop_tsc aperfmperf eagerfpu pni pclmulqdq dtes64 monitor ds_cpl vmx est tm2 ssse3 cx16 xtpr pdcm pcid sse4_1 sse4_2 x2apic popcnt tsc_deadline_timer xsave avx lahf_lm epb tpr_shadow vnmi flexpriority ept vpid xsaveopt dtherm arat pln pts
bugs		:
bogomips	: 4589.64
clflush size	: 64
cache_alignment	: 64
address sizes	: 36 bits physical, 48 bits virtual
power management:

processor	: 1
vendor_id	: GenuineIntel
cpu family	: 6
model		: 42
model name	: Intel(R) Core(TM) i3-2350M CPU @ 2.30GHz
stepping	: 7
microcode	: 0x23
cpu MHz		: 2300.000
cache size	: 3072 KB
physical id	: 0
siblings	: 4
core id		: 0
cpu cores	: 2
apicid		: 1
initial apicid	: 1
fpu		: yes
fpu_exception	: yes
cpuid level	: 13
wp		: yes
flags		: fpu vme de pse tsc msr pae mce cx8 apic sep mtrr pge mca cmov pat pse36 clflush dts acpi mmx fxsr sse sse2 ss ht tm pbe syscall nx rdtscp lm constant_tsc arch_perfmon pebs bts nopl xtopology nonstop_tsc aperfmperf eagerfpu pni pclmulqdq dtes64 monitor ds_cpl vmx est tm2 ssse3 cx16 xtpr pdcm pcid sse4_1 sse4_2 x2apic popcnt tsc_deadline_timer xsave avx lahf_lm epb tpr_shadow vnmi flexpriority ept vpid xsaveopt dtherm arat pln pts
bugs		:
bogomips	: 4589.64
clflush size	: 64
cache_alignment	: 64
address sizes	: 36 bits physical, 48 bits virtual
power management:

processor	: 2
vendor_id	: GenuineIntel
cpu family	: 6
model		: 42
model name	: Intel(R) Core(TM) i3-2350M CPU @ 2.30GHz
stepping	: 7
microcode	: 0x23
cpu MHz		: 2299.910
cache size	: 3072 KB
physical id	: 0
siblings	: 4
core id		: 1
cpu cores	: 2
apicid		: 2
initial apicid	: 2
fpu		: yes
fpu_exception	: yes
cpuid level	: 13
wp		: yes
flags		: fpu vme de pse tsc msr pae mce cx8 apic sep mtrr pge mca cmov pat pse36 clflush dts acpi mmx fxsr sse sse2 ss ht tm pbe syscall nx rdtscp lm constant_tsc arch_perfmon pebs bts nopl xtopology nonstop_tsc aperfmperf eagerfpu pni pclmulqdq dtes64 monitor ds_cpl vmx est tm2 ssse3 cx16 xtpr pdcm pcid sse4_1 sse4_2 x2apic popcnt tsc_deadline_timer xsave avx lahf_lm epb tpr_shadow vnmi flexpriority ept vpid xsaveopt dtherm arat pln pts
bugs		:
bogomips	: 4589.64
clflush size	: 64
cache_alignment	: 64
address sizes	: 36 bits physical, 48 bits virtual
power management:

processor	: 3
vendor_id	: GenuineIntel
cpu family	: 6
model		: 42
model name	: Intel(R) Core(TM) i3-2350M CPU @ 2.30GHz
stepping	: 7
microcode	: 0x23
cpu MHz		: 2299.910
cache size	: 3072 KB
physical id	: 0
siblings	: 4
core id		: 1
cpu cores	: 2
apicid		: 3
initial apicid	: 3
fpu		: yes
fpu_exception	: yes
cpuid level	: 13
wp		: yes
flags		: fpu vme de pse tsc msr pae mce cx8 apic sep mtrr pge mca cmov pat pse36 clflush dts acpi mmx fxsr sse sse2 ss ht tm pbe syscall nx rdtscp lm constant_tsc arch_perfmon pebs bts nopl xtopology nonstop_tsc aperfmperf eagerfpu pni pclmulqdq dtes64 monitor ds_cpl vmx est tm2 ssse3 cx16 xtpr pdcm pcid sse4_1 sse4_2 x2apic popcnt tsc_deadline_timer xsave avx lahf_lm epb tpr_shadow vnmi flexpriority ept vpid xsaveopt dtherm arat pln pts
bugs		:
bogomips	: 4589.64
clflush size	: 64
cache_alignment	: 64
address sizes	: 36 bits physical, 48 bits virtual
power management:



Memory: 4k page, physical 8085804k(954060k free), swap 8299516k(8299516k free)

vm_info: OpenJDK 64-Bit Server VM (25.131-b11) for linux-amd64 JRE (1.8.0_131-8u131-b11-2ubuntu1.16.04.3-b11), built on Jul 28 2017 01:23:32 by "buildd" with gcc 5.4.0 20160609

time: Fri Nov  3 12:27:28 2017
elapsed time: 11 seconds (0d 0h 0m 11s)

